# JRE version: OpenJDK Runtime Environment (8.0_242-b01) (build 1.8.0_242-release-1644-b01)
# Java VM: OpenJDK 64-Bit Server VM (25.242-b01 mixed mode windows-amd64 compressed oops)
Heap:
 PSYoungGen      total 382976K, used 357432K [0x00000000d5580000, 0x00000000eed00000, 0x0000000100000000)
  eden space 361472K, 98% used [0x00000000d5580000,0x00000000eb28e148,0x00000000eb680000)
  from space 21504K, 0% used [0x00000000ecf00000,0x00000000ecf00000,0x00000000ee400000)
  to   space 25088K, 0% used [0x00000000eb680000,0x00000000eb680000,0x00000000ecf00000)
 ParOldGen       total 181760K, used 33385K [0x0000000080000000, 0x000000008b180000, 0x00000000d5580000)
  object space 181760K, 18% used [0x0000000080000000,0x000000008209a770,0x000000008b180000)
 Metaspace       used 76399K, capacity 79390K, committed 79536K, reserved 1118208K
  class space    used 10258K, capacity 10856K, committed 10928K, reserved 1048576K
GC Heap History (10 events):
Event: 19.300 GC heap before
{Heap before GC invocations=7 (full 1):
 PSYoungGen      total 141824K, used 21224K [0x00000000d5580000, 0x00000000e5800000, 0x0000000100000000)
  eden space 131072K, 7% used [0x00000000d5580000,0x00000000d5fbbf60,0x00000000dd580000)
  from space 10752K, 99% used [0x00000000dd580000,0x00000000ddffe1b0,0x00000000de000000)
  to   space 15872K, 0% used [0x00000000e4880000,0x00000000e4880000,0x00000000e5800000)
 ParOldGen       total 87040K, used 10310K [0x0000000080000000, 0x0000000085500000, 0x00000000d5580000)
  object space 87040K, 11% used [0x0000000080000000,0x0000000080a11ad0,0x0000000085500000)
 Metaspace       used 34452K, capacity 35314K, committed 35496K, reserved 1079296K
  class space    used 4555K, capacity 4803K, committed 4912K, reserved 1048576K
Event: 19.316 GC heap after
Heap after GC invocations=7 (full 1):
 PSYoungGen      total 249344K, used 6908K [0x00000000d5580000, 0x00000000e5b00000, 0x0000000100000000)
  eden space 233472K, 0% used [0x00000000d5580000,0x00000000d5580000,0x00000000e3980000)
  from space 15872K, 43% used [0x00000000e4880000,0x00000000e4f3f1f0,0x00000000e5800000)
  to   space 15360K, 0% used [0x00000000e3980000,0x00000000e3980000,0x00000000e4880000)
 ParOldGen       total 87040K, used 10318K [0x0000000080000000, 0x0000000085500000, 0x00000000d5580000)
  object space 87040K, 11% used [0x0000000080000000,0x0000000080a13ad0,0x0000000085500000)
 Metaspace       used 34452K, capacity 35314K, committed 35496K, reserved 1079296K
  class space    used 4555K, capacity 4803K, committed 4912K, reserved 1048576K
}
Event: 19.316 GC heap before
{Heap before GC invocations=8 (full 2):
 PSYoungGen      total 249344K, used 6908K [0x00000000d5580000, 0x00000000e5b00000, 0x0000000100000000)
  eden space 233472K, 0% used [0x00000000d5580000,0x00000000d5580000,0x00000000e3980000)
  from space 15872K, 43% used [0x00000000e4880000,0x00000000e4f3f1f0,0x00000000e5800000)
  to   space 15360K, 0% used [0x00000000e3980000,0x00000000e3980000,0x00000000e4880000)
 ParOldGen       total 87040K, used 10318K [0x0000000080000000, 0x0000000085500000, 0x00000000d5580000)
  object space 87040K, 11% used [0x0000000080000000,0x0000000080a13ad0,0x0000000085500000)
 Metaspace       used 34452K, capacity 35314K, committed 35496K, reserved 1079296K
  class space    used 4555K, capacity 4803K, committed 4912K, reserved 1048576K
Event: 19.428 GC heap after
Heap after GC invocations=8 (full 2):
 PSYoungGen      total 249344K, used 0K [0x00000000d5580000, 0x00000000e5b00000, 0x0000000100000000)
  eden space 233472K, 0% used [0x00000000d5580000,0x00000000d5580000,0x00000000e3980000)
  from space 15872K, 0% used [0x00000000e4880000,0x00000000e4880000,0x00000000e5800000)
  to   space 15360K, 0% used [0x00000000e3980000,0x00000000e3980000,0x00000000e4880000)
 ParOldGen       total 125952K, used 13633K [0x0000000080000000, 0x0000000087b00000, 0x00000000d5580000)
  object space 125952K, 10% used [0x0000000080000000,0x0000000080d50730,0x0000000087b00000)
 Metaspace       used 34452K, capacity 35314K, committed 35496K, reserved 1079296K
  class space    used 4555K, capacity 4803K, committed 4912K, reserved 1048576K
}
Event: 30.279 GC heap before
{Heap before GC invocations=9 (full 2):
 PSYoungGen      total 249344K, used 233472K [0x00000000d5580000, 0x00000000e5b00000, 0x0000000100000000)
  eden space 233472K, 100% used [0x00000000d5580000,0x00000000e3980000,0x00000000e3980000)
  from space 15872K, 0% used [0x00000000e4880000,0x00000000e4880000,0x00000000e5800000)
  to   space 15360K, 0% used [0x00000000e3980000,0x00000000e3980000,0x00000000e4880000)
 ParOldGen       total 125952K, used 13633K [0x0000000080000000, 0x0000000087b00000, 0x00000000d5580000)
  object space 125952K, 10% used [0x0000000080000000,0x0000000080d50730,0x0000000087b00000)
 Metaspace       used 49837K, capacity 51692K, committed 51888K, reserved 1093632K
  class space    used 6597K, capacity 7005K, committed 7088K, reserved 1048576K
Event: 30.331 GC heap after
Heap after GC invocations=9 (full 2):
 PSYoungGen      total 248832K, used 15352K [0x00000000d5580000, 0x00000000ee400000, 0x0000000100000000)
  eden space 233472K, 0% used [0x00000000d5580000,0x00000000d5580000,0x00000000e3980000)
  from space 15360K, 99% used [0x00000000e3980000,0x00000000e487e270,0x00000000e4880000)
  to   space 21504K, 0% used [0x00000000ecf00000,0x00000000ecf00000,0x00000000ee400000)
 ParOldGen       total 125952K, used 21074K [0x0000000080000000, 0x0000000087b00000, 0x00000000d5580000)
  object space 125952K, 16% used [0x0000000080000000,0x0000000081494b70,0x0000000087b00000)
 Metaspace       used 49837K, capacity 51692K, committed 51888K, reserved 1093632K
  class space    used 6597K, capacity 7005K, committed 7088K, reserved 1048576K
}
Event: 33.750 GC heap before
{Heap before GC invocations=10 (full 2):
 PSYoungGen      total 248832K, used 92320K [0x00000000d5580000, 0x00000000ee400000, 0x0000000100000000)
  eden space 233472K, 32% used [0x00000000d5580000,0x00000000da0a9e18,0x00000000e3980000)
  from space 15360K, 99% used [0x00000000e3980000,0x00000000e487e270,0x00000000e4880000)
  to   space 21504K, 0% used [0x00000000ecf00000,0x00000000ecf00000,0x00000000ee400000)
 ParOldGen       total 125952K, used 21074K [0x0000000080000000, 0x0000000087b00000, 0x00000000d5580000)
  object space 125952K, 16% used [0x0000000080000000,0x0000000081494b70,0x0000000087b00000)
 Metaspace       used 56892K, capacity 59090K, committed 59160K, reserved 1099776K
  class space    used 7556K, capacity 8047K, committed 8112K, reserved 1048576K
Event: 33.820 GC heap after
Heap after GC invocations=10 (full 2):
 PSYoungGen      total 382976K, used 21500K [0x00000000d5580000, 0x00000000eed00000, 0x0000000100000000)
  eden space 361472K, 0% used [0x00000000d5580000,0x00000000d5580000,0x00000000eb680000)
  from space 21504K, 99% used [0x00000000ecf00000,0x00000000ee3ff000,0x00000000ee400000)
  to   space 25088K, 0% used [0x00000000eb680000,0x00000000eb680000,0x00000000ecf00000)
 ParOldGen       total 125952K, used 21216K [0x0000000080000000, 0x0000000087b00000, 0x00000000d5580000)
  object space 125952K, 16% used [0x0000000080000000,0x00000000814b8018,0x0000000087b00000)
 Metaspace       used 56892K, capacity 59090K, committed 59160K, reserved 1099776K
  class space    used 7556K, capacity 8047K, committed 8112K, reserved 1048576K
}
Event: 33.820 GC heap before
{Heap before GC invocations=11 (full 3):
 PSYoungGen      total 382976K, used 21500K [0x00000000d5580000, 0x00000000eed00000, 0x0000000100000000)
  eden space 361472K, 0% used [0x00000000d5580000,0x00000000d5580000,0x00000000eb680000)
  from space 21504K, 99% used [0x00000000ecf00000,0x00000000ee3ff000,0x00000000ee400000)
  to   space 25088K, 0% used [0x00000000eb680000,0x00000000eb680000,0x00000000ecf00000)
 ParOldGen       total 125952K, used 21216K [0x0000000080000000, 0x0000000087b00000, 0x00000000d5580000)
  object space 125952K, 16% used [0x0000000080000000,0x00000000814b8018,0x0000000087b00000)
 Metaspace       used 56892K, capacity 59090K, committed 59160K, reserved 1099776K
  class space    used 7556K, capacity 8047K, committed 8112K, reserved 1048576K
Event: 34.222 GC heap after
Heap after GC invocations=11 (full 3):
 PSYoungGen      total 382976K, used 0K [0x00000000d5580000, 0x00000000eed00000, 0x0000000100000000)
  eden space 361472K, 0% used [0x00000000d5580000,0x00000000d5580000,0x00000000eb680000)
  from space 21504K, 0% used [0x00000000ecf00000,0x00000000ecf00000,0x00000000ee400000)
  to   space 25088K, 0% used [0x00000000eb680000,0x00000000eb680000,0x00000000ecf00000)
 ParOldGen       total 181760K, used 33385K [0x0000000080000000, 0x000000008b180000, 0x00000000d5580000)
  object space 181760K, 18% used [0x0000000080000000,0x000000008209a770,0x000000008b180000)
 Metaspace       used 56806K, capacity 58856K, committed 59160K, reserved 1099776K
  class space    used 7534K, capacity 8019K, committed 8112K, reserved 1048576K
}

